14:01:52 **** Incremental Build of configuration Debug for project AdvanceAlarm ****
make -j4 all 
Building file: ../src/main.c
Invoking: MCU GCC Compiler
D:\MyFile\Engineering\microprocessor\nctu\Project\AdvanceAlarm\Debug
arm-none-eabi-gcc -mcpu=cortex-m4 -mthumb -mfloat-abi=hard -mfpu=fpv4-sp-d16 -DSTM32 -DSTM32L4 -DSTM32L476RGTx -DNUCLEO_L476RG -DDEBUG -ID:/MyFile/Engineering/microprocessor/nctu/Project/AdvanceAlarm/inc -O0 -g3 -Wall -fmessage-length=0 -ffunction-sections -c -MMD -MP -MF"src/main.d" -MT"src/main.o" -o "src/main.o" "../src/main.c"
In file included from ../src/main.c:2:0:
../src/utility.h: In function 'HCSR04GetDistance':
../src/utility.h:166:6: warning: variable 'timeval' set but not used [-Wunused-but-set-variable]
  int timeval;
      ^~~~~~~
../src/utility.h: In function 'PressDetection':
../src/utility.h:220:2: warning: implicit declaration of function 'GPIO_SetInputDataBit'; did you mean 'GPIO_SetOutputDataBit'? [-Wimplicit-function-declaration]
  GPIO_SetInputDataBit(GPIOB, 5, 0);
  ^~~~~~~~~~~~~~~~~~~~
  GPIO_SetOutputDataBit
Finished building: ../src/main.c
 
Building target: AdvanceAlarm.elf
Invoking: MCU GCC Linker
arm-none-eabi-gcc -mcpu=cortex-m4 -mthumb -mfloat-abi=hard -mfpu=fpv4-sp-d16 -T"D:/MyFile/Engineering/microprocessor/nctu/Project/AdvanceAlarm/LinkerScript.ld" -Wl,-Map=output.map -Wl,--gc-sections -o "AdvanceAlarm.elf" @"objects.list"   -lm
src/main.o: In function `PressDetection':
D:\MyFile\Engineering\microprocessor\nctu\Project\AdvanceAlarm\Debug/../src/utility.h:220: undefined reference to `GPIO_SetInputDataBit'
collect2.exe: error: ld returned 1 exit status
makefile:34: recipe for target 'AdvanceAlarm.elf' failed
make: *** [AdvanceAlarm.elf] Error 1

14:01:53 Build Finished (took 883ms)

